<?xml version="1.0" encoding="UTF-8"?>
<testsuite name="com.telran26.tests.LogoutTest" tests="1" skipped="0" failures="0" errors="0" timestamp="2021-02-07T20:11:03" hostname="MBP-Taya.lan" time="34.876">
  <properties/>
  <testcase name="logOutTest" classname="com.telran26.tests.LogoutTest" time="34.876"/>
  <system-out><![CDATA[22:10:38 INFO  - Start test - >logOutTest
22:10:38 INFO  - Start search ->By.cssSelector: [data-test-id='header-member-menu-button']
22:10:58 INFO  - By.cssSelector: [data-test-id='header-member-menu-button']<- found
22:10:58 INFO  - Start search ->By.cssSelector: [href='/login']
22:10:58 INFO  - By.cssSelector: [href='/login']<- found
22:11:00 INFO  - Start search ->By.id: user
22:11:00 INFO  - By.id: user<- found
22:11:00 INFO  - Start search ->By.id: user
22:11:00 INFO  - By.id: user<- found
22:11:00 INFO  - Start search ->By.id: user
22:11:00 INFO  - By.id: user<- found
22:11:00 INFO  - Start search ->By.id: login
22:11:00 INFO  - By.id: login<- found
22:11:00 INFO  - Start search ->By.id: form-login
22:11:03 INFO  - By.id: form-login<- found
22:11:03 INFO  - Start search ->By.id: password
22:11:03 INFO  - By.id: password<- found
22:11:03 INFO  - Start search ->By.id: password
22:11:03 INFO  - By.id: password<- found
22:11:03 INFO  - Start search ->By.id: password
22:11:03 INFO  - By.id: password<- found
22:11:03 INFO  - Start search ->By.id: login-submit
22:11:03 INFO  - By.id: login-submit<- found
22:11:03 INFO  - ListenerNg startlogOutTest
22:11:03 INFO  - Start search ->By.cssSelector: ._1FekJJAz6Hu32v
22:11:13 INFO  - By.cssSelector: ._1FekJJAz6Hu32v<- found
22:11:13 INFO  - Start search ->By.xpath: //span[contains(.,'Log Out')]
22:11:13 INFO  - By.xpath: //span[contains(.,'Log Out')]<- found
22:11:14 INFO  - Start search ->By.xpath: //button[@id='logout-submit']
22:11:14 INFO  - By.xpath: //button[@id='logout-submit']<- found
22:11:14 INFO  - Start search ->By.cssSelector: [data-test-id='header-member-menu-button']
22:11:38 INFO  - By.cssSelector: [data-test-id='header-member-menu-button']<- found
22:11:38 INFO  - End of test -> logOutTest
************************************
]]></system-out>
  <system-err><![CDATA[Starting ChromeDriver 87.0.4280.88 (89e2380a3e36c3464b5dd1302349b1382549290d-refs/branch-heads/4280@{#1761}) on port 1795
Only local connections are allowed.
Please see https://chromedriver.chromium.org/security-considerations for suggestions on keeping ChromeDriver safe.
ChromeDriver was started successfully.
[1612728635.745][WARNING]: This version of ChromeDriver has not been tested with Chrome version 88.
Feb 07, 2021 10:10:35 PM org.openqa.selenium.remote.ProtocolHandshake createSession
INFO: Detected dialect: W3C
]]></system-err>
</testsuite>
