<?xml version="1.0" encoding="UTF-8"?>
<testsuite name="com.telran26.tests.BoardTest" tests="1" skipped="0" failures="0" errors="0" timestamp="2021-02-04T18:14:15" hostname="MacBook-Pro-Taya.local" time="16.319">
  <properties/>
  <testcase name="createBoard" classname="com.telran26.tests.BoardTest" time="16.319"/>
  <system-out><![CDATA[20:13:48 INFO  - Start test - >createBoard
20:13:48 INFO  - Start search ->By.cssSelector: [data-test-id='header-member-menu-button']
20:14:08 INFO  - By.cssSelector: [data-test-id='header-member-menu-button']<- found
20:14:08 INFO  - Start search ->By.cssSelector: [href='/login']
20:14:08 INFO  - By.cssSelector: [href='/login']<- found
20:14:10 INFO  - Start search ->By.id: user
20:14:10 INFO  - By.id: user<- found
20:14:10 INFO  - Start search ->By.id: user
20:14:10 INFO  - By.id: user<- found
20:14:10 INFO  - Start search ->By.id: user
20:14:10 INFO  - By.id: user<- found
20:14:11 INFO  - Start search ->By.id: login
20:14:11 INFO  - By.id: login<- found
20:14:11 INFO  - Start search ->By.id: form-login
20:14:14 INFO  - By.id: form-login<- found
20:14:14 INFO  - Start search ->By.id: password
20:14:14 INFO  - By.id: password<- found
20:14:14 INFO  - Start search ->By.id: password
20:14:14 INFO  - By.id: password<- found
20:14:14 INFO  - Start search ->By.id: password
20:14:14 INFO  - By.id: password<- found
20:14:14 INFO  - Start search ->By.id: login-submit
20:14:14 INFO  - By.id: login-submit<- found
20:14:15 INFO  - Start search ->By.xpath: //ul[@class='boards-page-board-section-list']/li/a
20:14:25 INFO  - By.xpath: //ul[@class='boards-page-board-section-list']/li/a<- found
1
20:14:27 INFO  - Start search ->By.xpath: //span[.='Create new board']
20:14:27 INFO  - By.xpath: //span[.='Create new board']<- found
20:14:28 INFO  - Start search ->By.cssSelector: [placeholder='Add board title']
20:14:28 INFO  - By.cssSelector: [placeholder='Add board title']<- found
20:14:28 INFO  - Start search ->By.cssSelector: [placeholder='Add board title']
20:14:28 INFO  - By.cssSelector: [placeholder='Add board title']<- found
20:14:28 INFO  - Start search ->By.cssSelector: [placeholder='Add board title']
20:14:28 INFO  - By.cssSelector: [placeholder='Add board title']<- found
20:14:28 INFO  - Start search ->By.cssSelector: [aria-label='DownIcon']
20:14:28 INFO  - By.cssSelector: [aria-label='DownIcon']<- found
20:14:29 INFO  - Start search ->By.xpath: //span[contains(.,'Public')]
20:14:29 INFO  - By.xpath: //span[contains(.,'Public')]<- found
20:14:29 INFO  - Start search ->By.xpath: //button[.='Yes, Make Board Public']
20:14:29 INFO  - By.xpath: //button[.='Yes, Make Board Public']<- found
20:14:31 INFO  - Start search ->By.xpath: //button[.='Create Board']
20:14:31 INFO  - By.xpath: //button[.='Create Board']<- found
20:14:31 INFO  - Start search ->By.cssSelector: ._1FekJJAz6Hu32v
20:14:31 INFO  - By.cssSelector: ._1FekJJAz6Hu32v<- found
20:14:32 INFO  - Start search ->By.xpath: //span[contains(.,'Log Out')]
20:14:32 INFO  - By.xpath: //span[contains(.,'Log Out')]<- found
20:14:34 INFO  - Start search ->By.xpath: //button[@id='logout-submit']
20:14:34 INFO  - By.xpath: //button[@id='logout-submit']<- found
20:14:34 INFO  - End of test -> createBoard
************************************
]]></system-out>
  <system-err><![CDATA[Starting ChromeDriver 87.0.4280.88 (89e2380a3e36c3464b5dd1302349b1382549290d-refs/branch-heads/4280@{#1761}) on port 12630
Only local connections are allowed.
Please see https://chromedriver.chromium.org/security-considerations for suggestions on keeping ChromeDriver safe.
ChromeDriver was started successfully.
[1612462423.656][WARNING]: This version of ChromeDriver has not been tested with Chrome version 88.
Feb 04, 2021 8:13:43 PM org.openqa.selenium.remote.ProtocolHandshake createSession
INFO: Detected dialect: W3C
]]></system-err>
</testsuite>
