<?xml version="1.0" encoding="UTF-8"?>
<testsuite name="com.telran26.tests.LoginTest" tests="3" skipped="0" failures="0" errors="0" timestamp="2021-02-07T20:09:44" hostname="MBP-Taya.lan" time="47.87">
  <properties/>
  <testcase name="testAtlassianUserLogin" classname="com.telran26.tests.LoginTest" time="14.652"/>
  <testcase name="testDataProviderCSVLogin[0](com.telran26.model.User@7e6cdfbb)" classname="com.telran26.tests.LoginTest" time="14.975"/>
  <testcase name="testDataProviderLogin[0](hatum.testing@gmail.com, Hatum21$)" classname="com.telran26.tests.LoginTest" time="14.846"/>
  <system-out><![CDATA[22:09:44 INFO  - Start test - >testAtlassianUserLogin
22:09:44 INFO  - ListenerNg starttestAtlassianUserLogin
22:09:44 INFO  - 
********************************
 Email ->hatum.testing@gmail.com 
Password -> Hatum21$
*******************************
22:09:44 INFO  - Start search ->By.cssSelector: [href='/login']
22:09:44 INFO  - By.cssSelector: [href='/login']<- found
22:09:45 INFO  - Start search ->By.id: user
22:09:45 INFO  - By.id: user<- found
22:09:45 INFO  - Start search ->By.id: user
22:09:45 INFO  - By.id: user<- found
22:09:45 INFO  - Start search ->By.id: user
22:09:45 INFO  - By.id: user<- found
22:09:46 INFO  - Start search ->By.id: login
22:09:46 INFO  - By.id: login<- found
22:09:46 INFO  - Start search ->By.id: form-login
22:09:48 INFO  - By.id: form-login<- found
22:09:48 INFO  - Start search ->By.id: password
22:09:48 INFO  - By.id: password<- found
22:09:48 INFO  - Start search ->By.id: password
22:09:48 INFO  - By.id: password<- found
22:09:48 INFO  - Start search ->By.id: password
22:09:48 INFO  - By.id: password<- found
22:09:48 INFO  - Start search ->By.id: login-submit
22:09:48 INFO  - By.id: login-submit<- found
22:09:48 INFO  - Start search ->By.cssSelector: [data-test-id='header-member-menu-button']
22:09:58 INFO  - By.cssSelector: [data-test-id='header-member-menu-button']<- found
22:09:59 INFO  - Test passed 
22:09:59 INFO  - Start search ->By.cssSelector: [data-test-id='header-member-menu-button']
22:09:59 INFO  - By.cssSelector: [data-test-id='header-member-menu-button']<- found
22:09:59 INFO  - Start search ->By.cssSelector: ._1FekJJAz6Hu32v
22:09:59 INFO  - By.cssSelector: ._1FekJJAz6Hu32v<- found
22:09:59 INFO  - Start search ->By.xpath: //span[contains(.,'Log Out')]
22:09:59 INFO  - By.xpath: //span[contains(.,'Log Out')]<- found
22:10:00 INFO  - Start search ->By.xpath: //button[@id='logout-submit']
22:10:00 INFO  - By.xpath: //button[@id='logout-submit']<- found
22:10:00 INFO  - End of test -> testAtlassianUserLogin
************************************
22:10:00 INFO  - Start test - >testDataProviderCSVLogin
22:10:00 INFO  - ListenerNg starttestDataProviderCSVLogin
22:10:00 INFO  - 
********************************
 Email ->hatum.testing@gmail.com
Password -> Hatum21$
*******************************
22:10:00 INFO  - Start search ->By.cssSelector: [href='/login']
22:10:04 INFO  - By.cssSelector: [href='/login']<- found
22:10:04 INFO  - Start search ->By.id: user
22:10:05 INFO  - By.id: user<- found
22:10:05 INFO  - Start search ->By.id: user
22:10:05 INFO  - By.id: user<- found
22:10:05 INFO  - Start search ->By.id: user
22:10:05 INFO  - By.id: user<- found
22:10:05 INFO  - Start search ->By.id: login
22:10:05 INFO  - By.id: login<- found
22:10:05 INFO  - Start search ->By.id: form-login
22:10:07 INFO  - By.id: form-login<- found
22:10:07 INFO  - Start search ->By.id: password
22:10:07 INFO  - By.id: password<- found
22:10:07 INFO  - Start search ->By.id: password
22:10:07 INFO  - By.id: password<- found
22:10:07 INFO  - Start search ->By.id: password
22:10:07 INFO  - By.id: password<- found
22:10:08 INFO  - Start search ->By.id: login-submit
22:10:08 INFO  - By.id: login-submit<- found
22:10:08 INFO  - Start search ->By.cssSelector: [data-test-id='header-member-menu-button']
22:10:15 INFO  - By.cssSelector: [data-test-id='header-member-menu-button']<- found
22:10:15 INFO  - Test passed 
22:10:15 INFO  - Start search ->By.cssSelector: [data-test-id='header-member-menu-button']
22:10:15 INFO  - By.cssSelector: [data-test-id='header-member-menu-button']<- found
22:10:15 INFO  - Start search ->By.cssSelector: ._1FekJJAz6Hu32v
22:10:15 INFO  - By.cssSelector: ._1FekJJAz6Hu32v<- found
22:10:15 INFO  - Start search ->By.xpath: //span[contains(.,'Log Out')]
22:10:16 INFO  - By.xpath: //span[contains(.,'Log Out')]<- found
22:10:16 INFO  - Start search ->By.xpath: //button[@id='logout-submit']
22:10:17 INFO  - By.xpath: //button[@id='logout-submit']<- found
22:10:17 INFO  - End of test -> testDataProviderCSVLogin
************************************
22:10:17 INFO  - Start test - >testDataProviderLogin
22:10:17 INFO  - ListenerNg starttestDataProviderLogin
22:10:17 INFO  - 
********************************
 Email ->hatum.testing@gmail.com
Password -> Hatum21$
*******************************
22:10:17 INFO  - Start search ->By.cssSelector: [href='/login']
22:10:21 INFO  - By.cssSelector: [href='/login']<- found
22:10:21 INFO  - Start search ->By.id: user
22:10:22 INFO  - By.id: user<- found
22:10:22 INFO  - Start search ->By.id: user
22:10:22 INFO  - By.id: user<- found
22:10:22 INFO  - Start search ->By.id: user
22:10:22 INFO  - By.id: user<- found
22:10:22 INFO  - Start search ->By.id: login
22:10:22 INFO  - By.id: login<- found
22:10:22 INFO  - Start search ->By.id: form-login
22:10:24 INFO  - By.id: form-login<- found
22:10:24 INFO  - Start search ->By.id: password
22:10:24 INFO  - By.id: password<- found
22:10:24 INFO  - Start search ->By.id: password
22:10:24 INFO  - By.id: password<- found
22:10:24 INFO  - Start search ->By.id: password
22:10:24 INFO  - By.id: password<- found
22:10:24 INFO  - Start search ->By.id: login-submit
22:10:24 INFO  - By.id: login-submit<- found
22:10:24 INFO  - Start search ->By.cssSelector: [data-test-id='header-member-menu-button']
22:10:31 INFO  - By.cssSelector: [data-test-id='header-member-menu-button']<- found
22:10:32 INFO  - Test passed 
22:10:32 INFO  - Start search ->By.cssSelector: [data-test-id='header-member-menu-button']
22:10:32 INFO  - By.cssSelector: [data-test-id='header-member-menu-button']<- found
22:10:32 INFO  - Start search ->By.cssSelector: ._1FekJJAz6Hu32v
22:10:32 INFO  - By.cssSelector: ._1FekJJAz6Hu32v<- found
22:10:32 INFO  - Start search ->By.xpath: //span[contains(.,'Log Out')]
22:10:32 INFO  - By.xpath: //span[contains(.,'Log Out')]<- found
22:10:33 INFO  - Start search ->By.xpath: //button[@id='logout-submit']
22:10:33 INFO  - By.xpath: //button[@id='logout-submit']<- found
22:10:33 INFO  - End of test -> testDataProviderLogin
************************************
]]></system-out>
  <system-err><![CDATA[Starting ChromeDriver 87.0.4280.88 (89e2380a3e36c3464b5dd1302349b1382549290d-refs/branch-heads/4280@{#1761}) on port 3234
Only local connections are allowed.
Please see https://chromedriver.chromium.org/security-considerations for suggestions on keeping ChromeDriver safe.
ChromeDriver was started successfully.
[1612728580.989][WARNING]: This version of ChromeDriver has not been tested with Chrome version 88.
Feb 07, 2021 10:09:41 PM org.openqa.selenium.remote.ProtocolHandshake createSession
INFO: Detected dialect: W3C
]]></system-err>
</testsuite>
