<?xml version="1.0" encoding="UTF-8"?>
<testsuite name="com.telran26.tests.BoardTest" tests="2" skipped="0" failures="0" errors="0" timestamp="2021-02-07T20:07:27" hostname="MBP-Taya.lan" time="82.172">
  <properties/>
  <testcase name="clearBoard" classname="com.telran26.tests.BoardTest" time="33.995"/>
  <testcase name="createBoard" classname="com.telran26.tests.BoardTest" time="20.856"/>
  <system-out><![CDATA[22:07:02 INFO  - Start test - >clearBoard
22:07:02 INFO  - Start search ->By.cssSelector: [data-test-id='header-member-menu-button']
22:07:22 INFO  - By.cssSelector: [data-test-id='header-member-menu-button']<- found
22:07:22 INFO  - Start search ->By.cssSelector: [href='/login']
22:07:22 INFO  - By.cssSelector: [href='/login']<- found
22:07:24 INFO  - Start search ->By.id: user
22:07:24 INFO  - By.id: user<- found
22:07:24 INFO  - Start search ->By.id: user
22:07:24 INFO  - By.id: user<- found
22:07:24 INFO  - Start search ->By.id: user
22:07:24 INFO  - By.id: user<- found
22:07:24 INFO  - Start search ->By.id: login
22:07:24 INFO  - By.id: login<- found
22:07:24 INFO  - Start search ->By.id: form-login
22:07:27 INFO  - By.id: form-login<- found
22:07:27 INFO  - Start search ->By.id: password
22:07:27 INFO  - By.id: password<- found
22:07:27 INFO  - Start search ->By.id: password
22:07:27 INFO  - By.id: password<- found
22:07:27 INFO  - Start search ->By.id: password
22:07:27 INFO  - By.id: password<- found
22:07:27 INFO  - Start search ->By.id: login-submit
22:07:27 INFO  - By.id: login-submit<- found
22:07:27 INFO  - ListenerNg startclearBoard
22:07:27 INFO  - Start search ->By.xpath: //ul[@class='boards-page-board-section-list']/li/a
22:07:37 INFO  - By.xpath: //ul[@class='boards-page-board-section-list']/li/a<- found
22:07:37 INFO  - Start search ->By.xpath: //ul[@class='boards-page-board-section-list']/li/a
22:07:37 INFO  - By.xpath: //ul[@class='boards-page-board-section-list']/li/a<- found
22:07:37 INFO  - Start search ->By.xpath: //a[@title='Go back.']
22:07:38 INFO  - By.xpath: //a[@title='Go back.']<- found
22:07:38 INFO  - Start search ->By.xpath: //li[contains(.,'More')]
22:07:38 INFO  - By.xpath: //li[contains(.,'More')]<- found
22:07:38 INFO  - Start search ->By.xpath: //li[contains(.,'Close Board…')]
22:07:38 INFO  - By.xpath: //li[contains(.,'Close Board…')]<- found
22:07:38 INFO  - Start search ->By.xpath: //input[@type='submit' and @value='Close']
22:07:38 INFO  - By.xpath: //input[@type='submit' and @value='Close']<- found
22:07:39 INFO  - Start search ->By.xpath: //a[.='Permanently Delete Board…']
22:07:39 INFO  - By.xpath: //a[.='Permanently Delete Board…']<- found
22:07:39 INFO  - Start search ->By.xpath: //input[@value='Delete']
22:07:39 INFO  - By.xpath: //input[@value='Delete']<- found
22:07:39 INFO  - Start search ->By.xpath: //span[@aria-label='HouseIcon']
22:07:39 INFO  - By.xpath: //span[@aria-label='HouseIcon']<- found
22:07:39 INFO  - Start search ->By.xpath: //ul[@class='boards-page-board-section-list']/li/a
22:07:39 INFO  - By.xpath: //ul[@class='boards-page-board-section-list']/li/a<- found
22:07:39 INFO  - Start search ->By.xpath: //ul[@class='boards-page-board-section-list']/li/a
22:07:40 INFO  - By.xpath: //ul[@class='boards-page-board-section-list']/li/a<- found
22:07:40 INFO  - Start search ->By.xpath: //a[@title='Go back.']
22:07:40 INFO  - By.xpath: //a[@title='Go back.']<- found
22:07:40 INFO  - Start search ->By.xpath: //li[contains(.,'More')]
22:07:40 INFO  - By.xpath: //li[contains(.,'More')]<- found
22:07:40 INFO  - Start search ->By.xpath: //li[contains(.,'Close Board…')]
22:07:40 INFO  - By.xpath: //li[contains(.,'Close Board…')]<- found
22:07:41 INFO  - Start search ->By.xpath: //input[@type='submit' and @value='Close']
22:07:41 INFO  - By.xpath: //input[@type='submit' and @value='Close']<- found
22:07:41 INFO  - Start search ->By.xpath: //a[.='Permanently Delete Board…']
22:07:41 INFO  - By.xpath: //a[.='Permanently Delete Board…']<- found
22:07:41 INFO  - Start search ->By.xpath: //input[@value='Delete']
22:07:41 INFO  - By.xpath: //input[@value='Delete']<- found
22:07:41 INFO  - Start search ->By.xpath: //span[@aria-label='HouseIcon']
22:07:41 INFO  - By.xpath: //span[@aria-label='HouseIcon']<- found
22:07:41 INFO  - Start search ->By.xpath: //ul[@class='boards-page-board-section-list']/li/a
22:08:01 INFO  - By.xpath: //ul[@class='boards-page-board-section-list']/li/a<- found
22:08:01 INFO  - Start search ->By.cssSelector: ._1FekJJAz6Hu32v
22:08:01 INFO  - By.cssSelector: ._1FekJJAz6Hu32v<- found
22:08:01 INFO  - Start search ->By.xpath: //span[contains(.,'Log Out')]
22:08:01 INFO  - By.xpath: //span[contains(.,'Log Out')]<- found
22:08:02 INFO  - Start search ->By.xpath: //button[@id='logout-submit']
22:08:02 INFO  - By.xpath: //button[@id='logout-submit']<- found
22:08:03 INFO  - End of test -> clearBoard
************************************
22:08:03 INFO  - Start test - >createBoard
22:08:03 INFO  - Start search ->By.cssSelector: [data-test-id='header-member-menu-button']
22:08:24 INFO  - By.cssSelector: [data-test-id='header-member-menu-button']<- found
22:08:24 INFO  - Start search ->By.cssSelector: [href='/login']
22:08:24 INFO  - By.cssSelector: [href='/login']<- found
22:08:26 INFO  - Start search ->By.id: user
22:08:26 INFO  - By.id: user<- found
22:08:26 INFO  - Start search ->By.id: user
22:08:26 INFO  - By.id: user<- found
22:08:26 INFO  - Start search ->By.id: user
22:08:26 INFO  - By.id: user<- found
22:08:26 INFO  - Start search ->By.id: login
22:08:26 INFO  - By.id: login<- found
22:08:26 INFO  - Start search ->By.id: form-login
22:08:28 INFO  - By.id: form-login<- found
22:08:28 INFO  - Start search ->By.id: password
22:08:28 INFO  - By.id: password<- found
22:08:28 INFO  - Start search ->By.id: password
22:08:28 INFO  - By.id: password<- found
22:08:28 INFO  - Start search ->By.id: password
22:08:28 INFO  - By.id: password<- found
22:08:28 INFO  - Start search ->By.id: login-submit
22:08:28 INFO  - By.id: login-submit<- found
22:08:28 INFO  - ListenerNg startcreateBoard
22:08:28 INFO  - Start search ->By.xpath: //ul[@class='boards-page-board-section-list']/li/a
22:08:48 INFO  - By.xpath: //ul[@class='boards-page-board-section-list']/li/a<- found
0
22:08:48 INFO  - Start search ->By.xpath: //span[.='Create new board']
22:08:48 INFO  - By.xpath: //span[.='Create new board']<- found
22:08:48 INFO  - Start search ->By.cssSelector: [placeholder='Add board title']
22:08:49 INFO  - By.cssSelector: [placeholder='Add board title']<- found
22:08:49 INFO  - Start search ->By.cssSelector: [placeholder='Add board title']
22:08:49 INFO  - By.cssSelector: [placeholder='Add board title']<- found
22:08:49 INFO  - Start search ->By.cssSelector: [placeholder='Add board title']
22:08:49 INFO  - By.cssSelector: [placeholder='Add board title']<- found
22:08:49 INFO  - Start search ->By.cssSelector: [aria-label='DownIcon']
22:08:49 INFO  - By.cssSelector: [aria-label='DownIcon']<- found
22:08:49 INFO  - Start search ->By.xpath: //span[contains(.,'Public')]
22:08:49 INFO  - By.xpath: //span[contains(.,'Public')]<- found
22:08:49 INFO  - Start search ->By.xpath: //button[.='Yes, Make Board Public']
22:08:49 INFO  - By.xpath: //button[.='Yes, Make Board Public']<- found
22:08:49 INFO  - Start search ->By.xpath: //button[.='Create Board']
22:08:49 INFO  - By.xpath: //button[.='Create Board']<- found
22:08:49 INFO  - Start search ->By.cssSelector: ._1FekJJAz6Hu32v
22:08:49 INFO  - By.cssSelector: ._1FekJJAz6Hu32v<- found
22:08:50 INFO  - Start search ->By.xpath: //span[contains(.,'Log Out')]
22:08:50 INFO  - By.xpath: //span[contains(.,'Log Out')]<- found
22:08:51 INFO  - Start search ->By.xpath: //button[@id='logout-submit']
22:08:51 INFO  - By.xpath: //button[@id='logout-submit']<- found
22:08:51 INFO  - End of test -> createBoard
************************************
]]></system-out>
  <system-err><![CDATA[Starting ChromeDriver 87.0.4280.88 (89e2380a3e36c3464b5dd1302349b1382549290d-refs/branch-heads/4280@{#1761}) on port 33308
Only local connections are allowed.
Please see https://chromedriver.chromium.org/security-considerations for suggestions on keeping ChromeDriver safe.
ChromeDriver was started successfully.
[1612728419.104][WARNING]: This version of ChromeDriver has not been tested with Chrome version 88.
Feb 07, 2021 10:06:59 PM org.openqa.selenium.remote.ProtocolHandshake createSession
INFO: Detected dialect: W3C
]]></system-err>
</testsuite>
