<?xml version="1.0" encoding="UTF-8"?>
<testsuite name="com.telran26.tests.LoginTest" tests="3" skipped="0" failures="0" errors="0" timestamp="2021-02-04T12:03:47" hostname="MBP-Taya.lan" time="52.641">
  <properties/>
  <testcase name="testAtlassianUserLogin" classname="com.telran26.tests.LoginTest" time="17.519"/>
  <testcase name="testDataProviderCSVLogin[0](com.telran26.model.User@75a0b4f6)" classname="com.telran26.tests.LoginTest" time="17.179"/>
  <testcase name="testDataProviderLogin[0](hatum.testing@gmail.com, Hatum21$)" classname="com.telran26.tests.LoginTest" time="14.674"/>
  <system-out><![CDATA[14:03:47 INFO  - Start test - >testAtlassianUserLogin
14:03:47 INFO  - ListenerNg starttestAtlassianUserLogin
14:03:47 INFO  - ListenerNg starttestAtlassianUserLogin
14:03:47 INFO  - 
********************************
 Email ->hatum.testing@gmail.com 
Password -> Hatum21$
*******************************
14:03:47 INFO  - Start search ->By.cssSelector: [href='/login']
14:03:47 INFO  - By.cssSelector: [href='/login']<- found
14:03:47 INFO  - Start search ->By.id: user
14:03:48 INFO  - By.id: user<- found
14:03:48 INFO  - Start search ->By.id: user
14:03:48 INFO  - By.id: user<- found
14:03:48 INFO  - Start search ->By.id: user
14:03:48 INFO  - By.id: user<- found
14:03:48 INFO  - Start search ->By.id: login
14:03:48 INFO  - By.id: login<- found
14:03:49 INFO  - Start search ->By.id: password
14:03:51 INFO  - By.id: password<- found
14:03:51 INFO  - Start search ->By.id: password
14:03:51 INFO  - By.id: password<- found
14:03:51 INFO  - Start search ->By.id: password
14:03:51 INFO  - By.id: password<- found
14:03:51 INFO  - Start search ->By.id: login-submit
14:03:51 INFO  - By.id: login-submit<- found
14:03:54 INFO  - Start search ->By.cssSelector: [data-test-id='header-member-menu-button']
14:04:03 INFO  - By.cssSelector: [data-test-id='header-member-menu-button']<- found
14:04:04 INFO  - Test passed 
14:04:04 INFO  - Start search ->By.cssSelector: [data-test-id='header-member-menu-button']
14:04:04 INFO  - By.cssSelector: [data-test-id='header-member-menu-button']<- found
14:04:04 INFO  - Start search ->By.cssSelector: ._1FekJJAz6Hu32v
14:04:04 INFO  - By.cssSelector: ._1FekJJAz6Hu32v<- found
14:04:04 INFO  - Start search ->By.xpath: //span[contains(.,'Log Out')]
14:04:04 INFO  - By.xpath: //span[contains(.,'Log Out')]<- found
14:04:05 INFO  - Start search ->By.xpath: //button[@id='logout-submit']
14:04:05 INFO  - By.xpath: //button[@id='logout-submit']<- found
14:04:06 INFO  - End of test -> testAtlassianUserLogin
************************************
14:04:06 INFO  - Start test - >testDataProviderCSVLogin
14:04:06 INFO  - ListenerNg starttestDataProviderCSVLogin
14:04:06 INFO  - ListenerNg starttestDataProviderCSVLogin
14:04:06 INFO  - 
********************************
 Email ->hatum.testing@gmail.com
Password -> Hatum21$
*******************************
14:04:06 INFO  - Start search ->By.cssSelector: [href='/login']
14:04:10 INFO  - By.cssSelector: [href='/login']<- found
14:04:10 INFO  - Start search ->By.id: user
14:04:11 INFO  - By.id: user<- found
14:04:11 INFO  - Start search ->By.id: user
14:04:11 INFO  - By.id: user<- found
14:04:12 INFO  - Start search ->By.id: user
14:04:12 INFO  - By.id: user<- found
14:04:12 INFO  - Start search ->By.id: login
14:04:12 INFO  - By.id: login<- found
14:04:13 INFO  - Start search ->By.id: password
14:04:14 INFO  - By.id: password<- found
14:04:14 INFO  - Start search ->By.id: password
14:04:14 INFO  - By.id: password<- found
14:04:14 INFO  - Start search ->By.id: password
14:04:14 INFO  - By.id: password<- found
14:04:14 INFO  - Start search ->By.id: login-submit
14:04:14 INFO  - By.id: login-submit<- found
14:04:16 INFO  - Start search ->By.cssSelector: [data-test-id='header-member-menu-button']
14:04:22 INFO  - By.cssSelector: [data-test-id='header-member-menu-button']<- found
14:04:23 INFO  - Test passed 
14:04:23 INFO  - Start search ->By.cssSelector: [data-test-id='header-member-menu-button']
14:04:23 INFO  - By.cssSelector: [data-test-id='header-member-menu-button']<- found
14:04:23 INFO  - Start search ->By.cssSelector: ._1FekJJAz6Hu32v
14:04:23 INFO  - By.cssSelector: ._1FekJJAz6Hu32v<- found
14:04:23 INFO  - Start search ->By.xpath: //span[contains(.,'Log Out')]
14:04:23 INFO  - By.xpath: //span[contains(.,'Log Out')]<- found
14:04:24 INFO  - Start search ->By.xpath: //button[@id='logout-submit']
14:04:24 INFO  - By.xpath: //button[@id='logout-submit']<- found
14:04:25 INFO  - End of test -> testDataProviderCSVLogin
************************************
14:04:25 INFO  - Start test - >testDataProviderLogin
14:04:25 INFO  - ListenerNg starttestDataProviderLogin
14:04:25 INFO  - ListenerNg starttestDataProviderLogin
14:04:25 INFO  - 
********************************
 Email ->hatum.testing@gmail.com
Password -> Hatum21$
*******************************
14:04:25 INFO  - Start search ->By.cssSelector: [href='/login']
14:04:28 INFO  - By.cssSelector: [href='/login']<- found
14:04:29 INFO  - Start search ->By.id: user
14:04:29 INFO  - By.id: user<- found
14:04:30 INFO  - Start search ->By.id: user
14:04:30 INFO  - By.id: user<- found
14:04:30 INFO  - Start search ->By.id: user
14:04:30 INFO  - By.id: user<- found
14:04:30 INFO  - Start search ->By.id: login
14:04:30 INFO  - By.id: login<- found
14:04:31 INFO  - Start search ->By.id: password
14:04:32 INFO  - By.id: password<- found
14:04:32 INFO  - Start search ->By.id: password
14:04:32 INFO  - By.id: password<- found
14:04:32 INFO  - Start search ->By.id: password
14:04:32 INFO  - By.id: password<- found
14:04:32 INFO  - Start search ->By.id: login-submit
14:04:32 INFO  - By.id: login-submit<- found
14:04:34 INFO  - Start search ->By.cssSelector: [data-test-id='header-member-menu-button']
14:04:39 INFO  - By.cssSelector: [data-test-id='header-member-menu-button']<- found
14:04:39 INFO  - Test passed 
14:04:39 INFO  - Start search ->By.cssSelector: [data-test-id='header-member-menu-button']
14:04:39 INFO  - By.cssSelector: [data-test-id='header-member-menu-button']<- found
14:04:39 INFO  - Start search ->By.cssSelector: ._1FekJJAz6Hu32v
14:04:39 INFO  - By.cssSelector: ._1FekJJAz6Hu32v<- found
14:04:39 INFO  - Start search ->By.xpath: //span[contains(.,'Log Out')]
14:04:39 INFO  - By.xpath: //span[contains(.,'Log Out')]<- found
14:04:40 INFO  - Start search ->By.xpath: //button[@id='logout-submit']
14:04:40 INFO  - By.xpath: //button[@id='logout-submit']<- found
14:04:41 INFO  - End of test -> testDataProviderLogin
************************************
]]></system-out>
  <system-err><![CDATA[Starting ChromeDriver 87.0.4280.88 (89e2380a3e36c3464b5dd1302349b1382549290d-refs/branch-heads/4280@{#1761}) on port 33229
Only local connections are allowed.
Please see https://chromedriver.chromium.org/security-considerations for suggestions on keeping ChromeDriver safe.
ChromeDriver was started successfully.
[1612440223.903][WARNING]: This version of ChromeDriver has not been tested with Chrome version 88.
Feb 04, 2021 2:03:43 PM org.openqa.selenium.remote.ProtocolHandshake createSession
INFO: Detected dialect: W3C
]]></system-err>
</testsuite>
