<?xml version="1.0" encoding="UTF-8"?>
<testsuite name="com.telran26.tests.ListenerNGTest" tests="1" skipped="0" failures="0" errors="0" timestamp="2021-02-04T12:03:38" hostname="MBP-Taya.lan" time="3.738">
  <properties/>
  <testcase name="testOpenWIKI" classname="com.telran26.tests.ListenerNGTest" time="3.738"/>
  <system-out><![CDATA[14:03:38 INFO  - ListenerNg starttestOpenWIKI
14:03:38 INFO  - ListenerNg starttestOpenWIKI
]]></system-out>
  <system-err><![CDATA[Starting ChromeDriver 87.0.4280.88 (89e2380a3e36c3464b5dd1302349b1382549290d-refs/branch-heads/4280@{#1761}) on port 10471
Only local connections are allowed.
Please see https://chromedriver.chromium.org/security-considerations for suggestions on keeping ChromeDriver safe.
ChromeDriver was started successfully.
[1612440221.160][WARNING]: This version of ChromeDriver has not been tested with Chrome version 88.
Feb 04, 2021 2:03:41 PM org.openqa.selenium.remote.ProtocolHandshake createSession
INFO: Detected dialect: W3C
]]></system-err>
</testsuite>
