<?xml version="1.0" encoding="UTF-8"?>
<testsuite name="com.telran26.tests.LoginTest" tests="3" skipped="0" failures="0" errors="0" timestamp="2021-02-08T15:03:03" hostname="MBP-Taya.lan" time="49.293">
  <properties/>
  <testcase name="testAtlassianUserLogin" classname="com.telran26.tests.LoginTest" time="16.167"/>
  <testcase name="testDataProviderCSVLogin[0](com.telran26.model.User@300d8d44)" classname="com.telran26.tests.LoginTest" time="15.273"/>
  <testcase name="testDataProviderLogin[0](hatum.testing@gmail.com, Hatum21$)" classname="com.telran26.tests.LoginTest" time="14.371"/>
  <system-out><![CDATA[17:03:03 INFO  - Start test - >testAtlassianUserLogin
17:03:03 INFO  - ListenerNg starttestAtlassianUserLogin
17:03:03 INFO  - ListenerNg starttestAtlassianUserLogin
17:03:03 INFO  - 
********************************
 Email ->hatum.testing@gmail.com 
Password -> Hatum21$
*******************************
17:03:03 INFO  - Start search ->By.cssSelector: [href='/login']
17:03:03 INFO  - By.cssSelector: [href='/login']<- found
17:03:03 INFO  - Start search ->By.id: user
17:03:05 INFO  - By.id: user<- found
17:03:05 INFO  - Start search ->By.id: user
17:03:05 INFO  - By.id: user<- found
17:03:05 INFO  - Start search ->By.id: user
17:03:05 INFO  - By.id: user<- found
17:03:05 INFO  - Start search ->By.id: login
17:03:05 INFO  - By.id: login<- found
17:03:05 INFO  - Start search ->By.id: form-login
17:03:07 INFO  - By.id: form-login<- found
17:03:07 INFO  - Start search ->By.id: password
17:03:07 INFO  - By.id: password<- found
17:03:07 INFO  - Start search ->By.id: password
17:03:08 INFO  - By.id: password<- found
17:03:08 INFO  - Start search ->By.id: password
17:03:08 INFO  - By.id: password<- found
17:03:08 INFO  - Start search ->By.id: login-submit
17:03:08 INFO  - By.id: login-submit<- found
17:03:08 INFO  - Start search ->By.cssSelector: [data-test-id='header-member-menu-button']
17:03:19 INFO  - By.cssSelector: [data-test-id='header-member-menu-button']<- found
17:03:19 INFO  - Test passed 
17:03:20 INFO  - Start search ->By.cssSelector: [data-test-id='header-member-menu-button']
17:03:20 INFO  - By.cssSelector: [data-test-id='header-member-menu-button']<- found
17:03:20 INFO  - Start search ->By.cssSelector: ._1FekJJAz6Hu32v
17:03:20 INFO  - By.cssSelector: ._1FekJJAz6Hu32v<- found
17:03:20 INFO  - Start search ->By.xpath: //span[contains(.,'Log Out')]
17:03:20 INFO  - By.xpath: //span[contains(.,'Log Out')]<- found
17:03:21 INFO  - Start search ->By.xpath: //button[@id='logout-submit']
17:03:21 INFO  - By.xpath: //button[@id='logout-submit']<- found
17:03:21 INFO  - End of test -> testAtlassianUserLogin
************************************
17:03:21 INFO  - Start test - >testDataProviderCSVLogin
17:03:21 INFO  - ListenerNg starttestDataProviderCSVLogin
17:03:21 INFO  - ListenerNg starttestDataProviderCSVLogin
17:03:21 INFO  - 
********************************
 Email ->hatum.testing@gmail.com
Password -> Hatum21$
*******************************
17:03:21 INFO  - Start search ->By.cssSelector: [href='/login']
17:03:25 INFO  - By.cssSelector: [href='/login']<- found
17:03:25 INFO  - Start search ->By.id: user
17:03:26 INFO  - By.id: user<- found
17:03:26 INFO  - Start search ->By.id: user
17:03:26 INFO  - By.id: user<- found
17:03:26 INFO  - Start search ->By.id: user
17:03:26 INFO  - By.id: user<- found
17:03:26 INFO  - Start search ->By.id: login
17:03:26 INFO  - By.id: login<- found
17:03:26 INFO  - Start search ->By.id: form-login
17:03:28 INFO  - By.id: form-login<- found
17:03:28 INFO  - Start search ->By.id: password
17:03:28 INFO  - By.id: password<- found
17:03:29 INFO  - Start search ->By.id: password
17:03:29 INFO  - By.id: password<- found
17:03:29 INFO  - Start search ->By.id: password
17:03:29 INFO  - By.id: password<- found
17:03:29 INFO  - Start search ->By.id: login-submit
17:03:29 INFO  - By.id: login-submit<- found
17:03:29 INFO  - Start search ->By.cssSelector: [data-test-id='header-member-menu-button']
17:03:36 INFO  - By.cssSelector: [data-test-id='header-member-menu-button']<- found
17:03:37 INFO  - Test passed 
17:03:37 INFO  - Start search ->By.cssSelector: [data-test-id='header-member-menu-button']
17:03:37 INFO  - By.cssSelector: [data-test-id='header-member-menu-button']<- found
17:03:37 INFO  - Start search ->By.cssSelector: ._1FekJJAz6Hu32v
17:03:37 INFO  - By.cssSelector: ._1FekJJAz6Hu32v<- found
17:03:37 INFO  - Start search ->By.xpath: //span[contains(.,'Log Out')]
17:03:37 INFO  - By.xpath: //span[contains(.,'Log Out')]<- found
17:03:38 INFO  - Start search ->By.xpath: //button[@id='logout-submit']
17:03:38 INFO  - By.xpath: //button[@id='logout-submit']<- found
17:03:38 INFO  - End of test -> testDataProviderCSVLogin
************************************
17:03:38 INFO  - Start test - >testDataProviderLogin
17:03:38 INFO  - ListenerNg starttestDataProviderLogin
17:03:38 INFO  - ListenerNg starttestDataProviderLogin
17:03:38 INFO  - 
********************************
 Email ->hatum.testing@gmail.com
Password -> Hatum21$
*******************************
17:03:38 INFO  - Start search ->By.cssSelector: [href='/login']
17:03:42 INFO  - By.cssSelector: [href='/login']<- found
17:03:42 INFO  - Start search ->By.id: user
17:03:43 INFO  - By.id: user<- found
17:03:43 INFO  - Start search ->By.id: user
17:03:43 INFO  - By.id: user<- found
17:03:43 INFO  - Start search ->By.id: user
17:03:43 INFO  - By.id: user<- found
17:03:43 INFO  - Start search ->By.id: login
17:03:43 INFO  - By.id: login<- found
17:03:43 INFO  - Start search ->By.id: form-login
17:03:45 INFO  - By.id: form-login<- found
17:03:45 INFO  - Start search ->By.id: password
17:03:45 INFO  - By.id: password<- found
17:03:45 INFO  - Start search ->By.id: password
17:03:45 INFO  - By.id: password<- found
17:03:45 INFO  - Start search ->By.id: password
17:03:45 INFO  - By.id: password<- found
17:03:45 INFO  - Start search ->By.id: login-submit
17:03:45 INFO  - By.id: login-submit<- found
17:03:45 INFO  - Start search ->By.cssSelector: [data-test-id='header-member-menu-button']
17:03:52 INFO  - By.cssSelector: [data-test-id='header-member-menu-button']<- found
17:03:53 INFO  - Test passed 
17:03:53 INFO  - Start search ->By.cssSelector: [data-test-id='header-member-menu-button']
17:03:53 INFO  - By.cssSelector: [data-test-id='header-member-menu-button']<- found
17:03:53 INFO  - Start search ->By.cssSelector: ._1FekJJAz6Hu32v
17:03:53 INFO  - By.cssSelector: ._1FekJJAz6Hu32v<- found
17:03:53 INFO  - Start search ->By.xpath: //span[contains(.,'Log Out')]
17:03:53 INFO  - By.xpath: //span[contains(.,'Log Out')]<- found
17:03:54 INFO  - Start search ->By.xpath: //button[@id='logout-submit']
17:03:54 INFO  - By.xpath: //button[@id='logout-submit']<- found
17:03:54 INFO  - End of test -> testDataProviderLogin
************************************
]]></system-out>
  <system-err><![CDATA[Starting ChromeDriver 87.0.4280.88 (89e2380a3e36c3464b5dd1302349b1382549290d-refs/branch-heads/4280@{#1761}) on port 7906
Only local connections are allowed.
Please see https://chromedriver.chromium.org/security-considerations for suggestions on keeping ChromeDriver safe.
ChromeDriver was started successfully.
[1612796580.337][WARNING]: This version of ChromeDriver has not been tested with Chrome version 88.
Feb 08, 2021 5:03:00 PM org.openqa.selenium.remote.ProtocolHandshake createSession
INFO: Detected dialect: W3C
]]></system-err>
</testsuite>
